2024-10-03 15:06:18,112 - caesar_client - INFO - Connected to server
2024-10-03 15:06:33,873 - caesar_client - INFO - Connected to server
2024-10-03 15:06:52,385 - caesar_client - INFO - Client:  GOOD DAY MR,65
2024-10-03 16:16:28,273 - caesar_client - INFO - Connected to server
2024-10-03 16:16:57,052 - caesar_client - INFO - Client: GREETING COMRADE
2024-10-03 16:17:27,443 - caesar_client - INFO - Server: KHOOR
2024-10-03 16:17:27,444 - caesar_client - INFO - Client: IS MISSION GOING SMOOTHLY
2024-10-03 16:17:39,099 - caesar_client - INFO - Server: BHV
2024-10-03 16:18:01,267 - caesar_client - INFO - Client: 1
2024-10-03 16:18:13,482 - caesar_client - INFO - Server: 3
2024-10-03 16:18:27,019 - caesar_client - INFO - Client: SECURE
2024-10-03 16:18:33,835 - caesar_client - INFO - Server: 3
2024-10-03 16:18:41,363 - caesar_client - INFO - Client: YES
2024-10-03 16:18:51,978 - caesar_client - INFO - Server: FRQIULPHG
2025-03-05 23:37:22,733 - caesar_client - INFO - Connected to server
2025-03-05 23:37:52,266 - caesar_client - INFO - Client: Good Morning
2025-03-05 23:39:03,949 - caesar_client - INFO - Connected to server
2025-03-05 23:39:37,718 - caesar_client - INFO - Connected to server
2025-03-05 23:40:00,415 - caesar_client - INFO - Client: hello
2025-03-05 23:40:00,415 - caesar_client - INFO - Server: Jrrg Pruqlqj
2025-03-05 23:40:54,239 - caesar_client - INFO - Client: i requre assistance
2025-03-05 23:40:54,240 - caesar_client - INFO - Server: Krz Pdb Zh Khos Brx
2025-03-06 18:25:49,313 - caesar_client - INFO - Connected to server
2025-03-06 18:26:35,093 - caesar_client - INFO - Client: Good Morning
2025-03-06 18:26:51,835 - caesar_client - INFO - Server: Pruqlqj
2025-03-06 18:27:29,659 - caesar_client - INFO - Client: I requrie assistance
2025-03-06 18:27:57,067 - caesar_client - INFO - Server: Doo uljkw
2025-06-17 20:04:00,583 - caesar_client - INFO - Connected to server
2025-06-17 20:04:07,556 - caesar_client - INFO - Client: Hello
